<?xml version="1.0" encoding="UTF-8"?>
<testng-results ignored="0" total="4" passed="4" failed="0" skipped="0">
  <reporter-output>
  </reporter-output>
  <suite started-at="2023-10-03T13:26:37 IST" name="Default suite" finished-at="2023-10-03T13:26:38 IST" duration-ms="90">
    <groups>
    </groups>
    <test started-at="2023-10-03T13:26:37 IST" name="Default test" finished-at="2023-10-03T13:26:38 IST" duration-ms="90">
      <class name="test.day5">
        <test-method signature="mobileLoginHomeLoan2()[pri:0, instance:test.day5@6989da5e]" started-at="2023-10-03T13:26:38 IST" name="mobileLoginHomeLoan2" finished-at="2023-10-03T13:26:38 IST" duration-ms="25" status="PASS">
          <reporter-output>
          </reporter-output>
        </test-method> <!-- mobileLoginHomeLoan2 -->
        <test-method signature="mobileLoginHomeLoan3()[pri:0, instance:test.day5@6989da5e]" started-at="2023-10-03T13:26:38 IST" name="mobileLoginHomeLoan3" finished-at="2023-10-03T13:26:38 IST" duration-ms="1" status="PASS">
          <reporter-output>
          </reporter-output>
        </test-method> <!-- mobileLoginHomeLoan3 -->
        <test-method signature="webLoginHomeLoan()[pri:0, instance:test.day5@6989da5e]" started-at="2023-10-03T13:26:38 IST" name="webLoginHomeLoan" finished-at="2023-10-03T13:26:38 IST" duration-ms="3" status="PASS">
          <reporter-output>
          </reporter-output>
        </test-method> <!-- webLoginHomeLoan -->
        <test-method signature="apiLoginHomeLoan()[pri:0, instance:test.day5@6989da5e]" started-at="2023-10-03T13:26:38 IST" name="apiLoginHomeLoan" finished-at="2023-10-03T13:26:38 IST" depends-on-methods="test.day5.webLoginHomeLoan" duration-ms="3" status="PASS">
          <reporter-output>
          </reporter-output>
        </test-method> <!-- apiLoginHomeLoan -->
      </class> <!-- test.day5 -->
    </test> <!-- Default test -->
  </suite> <!-- Default suite -->
</testng-results>
