<?xml version="1.0" encoding="UTF-8"?>
<testng-results ignored="0" total="7" passed="7" failed="0" skipped="0">
  <reporter-output>
  </reporter-output>
  <suite started-at="2023-09-30T16:04:05 IST" name="Loan Department" finished-at="2023-09-30T16:04:05 IST" duration-ms="155">
    <groups>
    </groups>
    <test started-at="2023-09-30T16:04:05 IST" name="Personal Loan" finished-at="2023-09-30T16:04:05 IST" duration-ms="75">
      <class name="test.day2">
        <test-method is-config="true" signature="fourth()[pri:0, instance:test.day2@247bddad]" started-at="2023-09-30T16:04:05 IST" name="fourth" finished-at="2023-09-30T16:04:05 IST" duration-ms="0" status="PASS">
          <reporter-output>
          </reporter-output>
        </test-method> <!-- fourth -->
        <test-method is-config="true" signature="BeforeMethodDemo()[pri:0, instance:test.day2@247bddad]" started-at="2023-09-30T16:04:05 IST" name="BeforeMethodDemo" finished-at="2023-09-30T16:04:05 IST" duration-ms="2" status="PASS">
          <reporter-output>
          </reporter-output>
        </test-method> <!-- BeforeMethodDemo -->
        <test-method signature="third()[pri:0, instance:test.day2@247bddad]" started-at="2023-09-30T16:04:05 IST" name="third" finished-at="2023-09-30T16:04:05 IST" duration-ms="2" status="PASS">
          <reporter-output>
          </reporter-output>
        </test-method> <!-- third -->
      </class> <!-- test.day2 -->
      <class name="test.day1">
        <test-method signature="Demo()[pri:0, instance:test.day1@510f3d34]" started-at="2023-09-30T16:04:05 IST" name="Demo" finished-at="2023-09-30T16:04:05 IST" duration-ms="13" status="PASS">
          <reporter-output>
          </reporter-output>
        </test-method> <!-- Demo -->
        <test-method is-config="true" signature="fourth()[pri:0, instance:test.day1@510f3d34]" started-at="2023-09-30T16:04:05 IST" name="fourth" finished-at="2023-09-30T16:04:05 IST" duration-ms="0" status="PASS">
          <reporter-output>
          </reporter-output>
        </test-method> <!-- fourth -->
      </class> <!-- test.day1 -->
    </test> <!-- Personal Loan -->
    <test started-at="2023-09-30T16:04:05 IST" name="Home Loan" finished-at="2023-09-30T16:04:05 IST" duration-ms="6">
      <class name="test.day3">
        <test-method signature="loginAPIHomeLoan()[pri:0, instance:test.day3@5c671d7f]" started-at="2023-09-30T16:04:05 IST" name="loginAPIHomeLoan" finished-at="2023-09-30T16:04:05 IST" duration-ms="2" status="PASS">
          <reporter-output>
          </reporter-output>
        </test-method> <!-- loginAPIHomeLoan -->
        <test-method signature="webLoginHomeLoan()[pri:0, instance:test.day3@5c671d7f]" started-at="2023-09-30T16:04:05 IST" name="webLoginHomeLoan" finished-at="2023-09-30T16:04:05 IST" duration-ms="1" status="PASS">
          <reporter-output>
          </reporter-output>
        </test-method> <!-- webLoginHomeLoan -->
      </class> <!-- test.day3 -->
    </test> <!-- Home Loan -->
    <test started-at="2023-09-30T16:04:05 IST" name="Car Loan" finished-at="2023-09-30T16:04:05 IST" duration-ms="8">
      <class name="test.day4">
        <test-method is-config="true" signature="BeforeSuiteDemo()[pri:0, instance:test.day4@3af9c5b7]" started-at="2023-09-30T16:04:05 IST" name="BeforeSuiteDemo" finished-at="2023-09-30T16:04:05 IST" duration-ms="14" status="PASS">
          <reporter-output>
          </reporter-output>
        </test-method> <!-- BeforeSuiteDemo -->
        <test-method signature="loginAPICarLoan()[pri:0, instance:test.day4@3af9c5b7]" started-at="2023-09-30T16:04:05 IST" name="loginAPICarLoan" finished-at="2023-09-30T16:04:05 IST" duration-ms="2" status="PASS">
          <reporter-output>
          </reporter-output>
        </test-method> <!-- loginAPICarLoan -->
        <test-method signature="mobileLoginCarLoan()[pri:0, instance:test.day4@3af9c5b7]" started-at="2023-09-30T16:04:05 IST" name="mobileLoginCarLoan" finished-at="2023-09-30T16:04:05 IST" duration-ms="1" status="PASS">
          <reporter-output>
          </reporter-output>
        </test-method> <!-- mobileLoginCarLoan -->
        <test-method signature="webLoginCarLoan()[pri:0, instance:test.day4@3af9c5b7]" started-at="2023-09-30T16:04:05 IST" name="webLoginCarLoan" finished-at="2023-09-30T16:04:05 IST" duration-ms="1" status="PASS">
          <reporter-output>
          </reporter-output>
        </test-method> <!-- webLoginCarLoan -->
      </class> <!-- test.day4 -->
      <class name="test.day1">
        <test-method is-config="true" signature="BeforeSuiteDemo()[pri:0, instance:test.day1@510f3d34]" started-at="2023-09-30T16:04:05 IST" name="BeforeSuiteDemo" finished-at="2023-09-30T16:04:05 IST" duration-ms="0" status="PASS">
          <reporter-output>
          </reporter-output>
        </test-method> <!-- BeforeSuiteDemo -->
      </class> <!-- test.day1 -->
    </test> <!-- Car Loan -->
  </suite> <!-- Loan Department -->
</testng-results>
