<?xml version="1.0" encoding="UTF-8"?>
<!-- Generated by org.testng.reporters.JUnitReportReporter -->
<testsuite hostname="LAPTOP-GN9VVNV9" failures="0" tests="3" name="test.day4" time="0.004" errors="0" timestamp="2023-09-30T16:04:05 IST" skipped="0">
  <testcase classname="test.day4" name="webLoginCarLoan" time="0.001"/>
  <testcase classname="test.day4" name="mobileLoginCarLoan" time="0.001"/>
  <testcase classname="test.day4" name="loginAPICarLoan" time="0.002"/>
</testsuite> <!-- test.day4 -->
