<?xml version="1.0" encoding="UTF-8"?>
<!-- Generated by org.testng.reporters.JUnitXMLReporter -->
<testsuite ignored="0" hostname="LAPTOP-GN9VVNV9" failures="0" tests="6" name="Car Loan" time="0.019" errors="0" timestamp="2023-09-28T12:25:51 IST">
  <testcase classname="test.day3" name="loginAPIHomeLoan" time="0.001"/>
  <testcase classname="test.day3" name="mobileLoginHomeLoan" time="0.001"/>
  <testcase classname="test.day3" name="webLoginHomeLoan" time="0.001"/>
  <testcase classname="test.day4" name="loginAPICarLoan" time="0.002"/>
  <testcase classname="test.day4" name="mobileLoginCarLoan" time="0.001"/>
  <testcase classname="test.day4" name="webLoginCarLoan" time="0.001"/>
</testsuite> <!-- Car Loan -->
