<?xml version="1.0" encoding="UTF-8"?>
<!-- Generated by org.testng.reporters.JUnitXMLReporter -->
<testsuite ignored="3" hostname="LAPTOP-GN9VVNV9" failures="0" tests="2" name="Home Loan" time="0.007" errors="0" timestamp="2023-10-03T10:32:27 IST">
  <testcase classname="test.day3" name="loginAPIHomeLoan" time="0.002"/>
  <testcase classname="test.day3" name="webLoginHomeLoan" time="0.001"/>
  <testcase classname="test.day3" name="mobileLoginHomeLoan" time="0.0">
    <ignored/>
  </testcase> <!-- mobileLoginHomeLoan -->
  <testcase classname="test.day3" name="mobileLoginHomeLoan3" time="0.0">
    <ignored/>
  </testcase> <!-- mobileLoginHomeLoan3 -->
  <testcase classname="test.day3" name="mobileLoginHomeLoan2" time="0.0">
    <ignored/>
  </testcase> <!-- mobileLoginHomeLoan2 -->
</testsuite> <!-- Home Loan -->
