<?xml version="1.0" encoding="UTF-8"?>
<!-- Generated by org.testng.reporters.JUnitXMLReporter -->
<testsuite ignored="0" hostname="LAPTOP-GN9VVNV9" failures="0" tests="11" name="Personal Loan" time="0.101" errors="0" timestamp="2023-09-29T18:47:08 IST">
  <testcase classname="test.day1" name="Demo" time="0.011"/>
  <testcase classname="test.day1" name="SecondDemo" time="0.001"/>
  <testcase classname="test.day2" name="third" time="0.002"/>
  <testcase classname="test.day3" name="loginAPIHomeLoan" time="0.002"/>
  <testcase classname="test.day3" name="mobileLoginHomeLoan" time="0.003"/>
  <testcase classname="test.day3" name="mobileLoginHomeLoan2" time="0.003"/>
  <testcase classname="test.day3" name="mobileLoginHomeLoan3" time="0.001"/>
  <testcase classname="test.day3" name="webLoginHomeLoan" time="0.002"/>
  <testcase classname="test.day4" name="loginAPICarLoan" time="0.002"/>
  <testcase classname="test.day4" name="mobileLoginCarLoan" time="0.002"/>
  <testcase classname="test.day4" name="webLoginCarLoan" time="0.002"/>
</testsuite> <!-- Personal Loan -->
