<?xml version="1.0" encoding="UTF-8"?>
<!-- Generated by org.testng.reporters.JUnitXMLReporter -->
<testsuite ignored="1" hostname="LAPTOP-GN9VVNV9" failures="0" tests="2" name="Regression Testing" time="0.047" errors="0" timestamp="2023-10-03T14:53:21 IST">
  <testcase classname="test.day5" name="mobileLoginHomeLoan2" time="0.009"/>
  <testcase classname="test.day5" name="mobileLoginHomeLoan3" time="0.006"/>
  <testcase classname="test.day5" name="mobileLoginHomeLoan" time="0.0">
    <ignored/>
  </testcase> <!-- mobileLoginHomeLoan -->
</testsuite> <!-- Regression Testing -->
