<?xml version="1.0" encoding="UTF-8"?>
<!-- Generated by org.testng.reporters.JUnitXMLReporter -->
<testsuite ignored="8" hostname="LAPTOP-GN9VVNV9" failures="0" tests="3" name="Regression Testing" time="0.097" errors="0" timestamp="2023-10-03T12:42:32 IST">
  <testcase classname="test.day1" name="Demo" time="0.013"/>
  <testcase classname="test.day3" name="webLoginHomeLoan" time="0.003"/>
  <testcase classname="test.day4" name="webLoginCarLoan" time="0.004"/>
  <testcase classname="test.day1" name="SecondDemo" time="0.0">
    <ignored/>
  </testcase> <!-- SecondDemo -->
  <testcase classname="test.day2" name="third" time="0.0">
    <ignored/>
  </testcase> <!-- third -->
  <testcase classname="test.day4" name="mobileLoginCarLoan" time="0.0">
    <ignored/>
  </testcase> <!-- mobileLoginCarLoan -->
  <testcase classname="test.day4" name="loginAPICarLoan" time="0.0">
    <ignored/>
  </testcase> <!-- loginAPICarLoan -->
  <testcase classname="test.day3" name="mobileLoginHomeLoan" time="0.0">
    <ignored/>
  </testcase> <!-- mobileLoginHomeLoan -->
  <testcase classname="test.day3" name="APILoginHomeLoan" time="0.0">
    <ignored/>
  </testcase> <!-- APILoginHomeLoan -->
  <testcase classname="test.day3" name="mobileLoginHomeLoan2" time="0.0">
    <ignored/>
  </testcase> <!-- mobileLoginHomeLoan2 -->
  <testcase classname="test.day3" name="mobileLoginHomeLoan3" time="0.0">
    <ignored/>
  </testcase> <!-- mobileLoginHomeLoan3 -->
</testsuite> <!-- Regression Testing -->
