<?xml version="1.0" encoding="UTF-8"?>
<!-- Generated by org.testng.reporters.JUnitXMLReporter -->
<testsuite ignored="0" hostname="LAPTOP-GN9VVNV9" failures="0" tests="9" name="Test" time="0.141" errors="0" timestamp="2023-09-28T12:23:25 IST">
  <testcase classname="test.day3" name="loginAPIHomeLoan" time="0.008"/>
  <testcase classname="test.day3" name="mobileLoginHomeLoan" time="0.001"/>
  <testcase classname="test.day3" name="webLoginHomeLoan" time="0.016"/>
  <testcase classname="test.day2" name="third" time="0.006"/>
  <testcase classname="test.day4" name="loginAPICarLoan" time="0.005"/>
  <testcase classname="test.day4" name="mobileLoginCarLoan" time="0.004"/>
  <testcase classname="test.day4" name="webLoginCarLoan" time="0.003"/>
  <testcase classname="test.day1" name="Demo" time="0.006"/>
  <testcase classname="test.day1" name="SecondDemo" time="0.003"/>
</testsuite> <!-- Test -->
